[ 2017-01-25T17:51:45+08:00 ] 127.0.0.1 /index.php?c=index&a=getCount
INFO: [ app_init ] --START--
INFO: Run Behavior\BuildLiteBehavior [ RunTime:0.000016s ]
INFO: [ app_init ] --END-- [ RunTime:0.000704s ]
INFO: [ app_begin ] --START--
INFO: Run Behavior\ReadHtmlCacheBehavior [ RunTime:0.000859s ]
INFO: [ app_begin ] --END-- [ RunTime:0.000901s ]
NOTIC: [2] Declaration of Home\Controller\CommonController::error($message = '') should be compatible with Think\Controller::error($message = '', $jumpUrl = '', $ajax = false) D:\PHPstudy\WWW\newsmooc\Application\Home\Controller\CommonController.class.php 第 24 行.
NOTIC: [2] Declaration of Common\Model\NewsModel::find($id) should be compatible with Think\Model::find($options = Array) D:\PHPstudy\WWW\newsmooc\Application\Common\Model\NewsModel.class.php 第 9 行.

[ 2017-01-25T17:52:40+08:00 ] 127.0.0.1 /index.php?c=cat&id=3
INFO: [ app_init ] --START--
INFO: Run Behavior\BuildLiteBehavior [ RunTime:0.000010s ]
INFO: [ app_init ] --END-- [ RunTime:0.000344s ]
INFO: [ app_begin ] --START--
INFO: Run Behavior\ReadHtmlCacheBehavior [ RunTime:0.000410s ]
INFO: [ app_begin ] --END-- [ RunTime:0.000446s ]
NOTIC: [2] Declaration of Home\Controller\CommonController::error($message = '') should be compatible with Think\Controller::error($message = '', $jumpUrl = '', $ajax = false) D:\PHPstudy\WWW\newsmooc\Application\Home\Controller\CommonController.class.php 第 24 行.
NOTIC: [2] Declaration of Common\Model\MenuModel::find($id) should be compatible with Think\Model::find($options = Array) D:\PHPstudy\WWW\newsmooc\Application\Common\Model\MenuModel.class.php 第 5 行.
ERR: SQLSTATE[HY000] [1045] Access denied for user 'root'@'localhost' (using password: NO)

[ 2017-01-25T17:53:02+08:00 ] 127.0.0.1 /index.php?c=index&a=getCount
INFO: [ app_init ] --START--
INFO: Run Behavior\BuildLiteBehavior [ RunTime:0.000018s ]
INFO: [ app_init ] --END-- [ RunTime:0.000614s ]
INFO: [ app_begin ] --START--
INFO: Run Behavior\ReadHtmlCacheBehavior [ RunTime:0.000780s ]
INFO: [ app_begin ] --END-- [ RunTime:0.000862s ]
NOTIC: [2] Declaration of Home\Controller\CommonController::error($message = '') should be compatible with Think\Controller::error($message = '', $jumpUrl = '', $ajax = false) D:\PHPstudy\WWW\newsmooc\Application\Home\Controller\CommonController.class.php 第 24 行.
NOTIC: [2] Declaration of Common\Model\NewsModel::find($id) should be compatible with Think\Model::find($options = Array) D:\PHPstudy\WWW\newsmooc\Application\Common\Model\NewsModel.class.php 第 9 行.

