[ 2017-03-17T20:53:09+08:00 ] 127.0.0.1 /admin.php?c=movie&a=add
INFO: [ app_init ] --START--
INFO: Run Behavior\BuildLiteBehavior [ RunTime:0.000115s ]
INFO: [ app_init ] --END-- [ RunTime:0.091092s ]
INFO: [ app_begin ] --START--
INFO: Run Behavior\ReadHtmlCacheBehavior [ RunTime:0.028206s ]
INFO: [ app_begin ] --END-- [ RunTime:0.028559s ]
NOTIC: [2048] Declaration of Admin\Controller\MovieController::setStatus() should be compatible with Admin\Controller\CommonController::setStatus($data, $models) F:\phpStudy\WWW\movie_test\Application\Admin\Controller\MovieController.class.php 第 12 行.
NOTIC: [2048] Declaration of Admin\Controller\MovieController::listorder() should be compatible with Admin\Controller\CommonController::listorder($model = '') F:\phpStudy\WWW\movie_test\Application\Admin\Controller\MovieController.class.php 第 12 行.
NOTIC: [8] Undefined variable: sing_path F:\phpStudy\WWW\movie_test\ThinkPHP\Common\functions.php 第 991 行.
NOTIC: [8] Undefined variable: module F:\phpStudy\WWW\movie_test\ThinkPHP\Common\functions.php 第 994 行.
NOTIC: [8] Undefined variable: var F:\phpStudy\WWW\movie_test\ThinkPHP\Common\functions.php 第 997 行.
NOTIC: [2] array_reverse() expects parameter 1 to be array, null given F:\phpStudy\WWW\movie_test\ThinkPHP\Common\functions.php 第 997 行.
NOTIC: [2] http_build_query(): Parameter 1 expected to be Array or Object.  Incorrect value given F:\phpStudy\WWW\movie_test\ThinkPHP\Common\functions.php 第 997 行.

[ 2017-03-17T20:53:09+08:00 ] 127.0.0.1 /admin.php?&c=login
INFO: [ app_init ] --START--
INFO: Run Behavior\BuildLiteBehavior [ RunTime:0.000080s ]
INFO: [ app_init ] --END-- [ RunTime:0.001919s ]
INFO: [ app_begin ] --START--
INFO: Run Behavior\ReadHtmlCacheBehavior [ RunTime:0.001755s ]
INFO: [ app_begin ] --END-- [ RunTime:0.001951s ]
INFO: [ view_parse ] --START--
INFO: [ template_filter ] --START--
INFO: Run Behavior\ContentReplaceBehavior [ RunTime:0.031803s ]
INFO: [ template_filter ] --END-- [ RunTime:0.032145s ]
INFO: Run Behavior\ParseTemplateBehavior [ RunTime:0.170267s ]
INFO: [ view_parse ] --END-- [ RunTime:0.170489s ]
INFO: [ view_filter ] --START--
INFO: Run Behavior\WriteHtmlCacheBehavior [ RunTime:0.013287s ]
INFO: [ view_filter ] --END-- [ RunTime:0.013509s ]
INFO: [ app_end ] --START--
INFO: Run Behavior\ShowPageTraceBehavior [ RunTime:0.003235s ]
INFO: [ app_end ] --END-- [ RunTime:0.003517s ]

[ 2017-03-17T20:53:10+08:00 ] 127.0.0.1 /admin.php?&c=login
INFO: [ app_init ] --START--
INFO: Run Behavior\BuildLiteBehavior [ RunTime:0.000033s ]
INFO: [ app_init ] --END-- [ RunTime:0.000843s ]
INFO: [ app_begin ] --START--
INFO: Run Behavior\ReadHtmlCacheBehavior [ RunTime:0.001272s ]
INFO: [ app_begin ] --END-- [ RunTime:0.001419s ]
INFO: [ view_parse ] --START--
INFO: [ template_filter ] --START--
INFO: Run Behavior\ContentReplaceBehavior [ RunTime:0.000762s ]
INFO: [ template_filter ] --END-- [ RunTime:0.001177s ]
INFO: Run Behavior\ParseTemplateBehavior [ RunTime:0.013796s ]
INFO: [ view_parse ] --END-- [ RunTime:0.013913s ]
INFO: [ view_filter ] --START--
INFO: Run Behavior\WriteHtmlCacheBehavior [ RunTime:0.000517s ]
INFO: [ view_filter ] --END-- [ RunTime:0.000619s ]
INFO: [ app_end ] --START--
INFO: Run Behavior\ShowPageTraceBehavior [ RunTime:0.001069s ]
INFO: [ app_end ] --END-- [ RunTime:0.001159s ]

[ 2017-03-17T20:53:21+08:00 ] 127.0.0.1 /admin.php?c=login&a=check
INFO: [ app_init ] --START--
INFO: Run Behavior\BuildLiteBehavior [ RunTime:0.000018s ]
INFO: [ app_init ] --END-- [ RunTime:0.000461s ]
INFO: [ app_begin ] --START--
INFO: Run Behavior\ReadHtmlCacheBehavior [ RunTime:0.000666s ]
INFO: [ app_begin ] --END-- [ RunTime:0.000717s ]
SQL: SHOW COLUMNS FROM `tb_admin` [ RunTime:0.0765s ]
SQL: SELECT * FROM `tb_admin` WHERE ( username="admin" ) LIMIT 1   [ RunTime:0.0017s ]
SQL: UPDATE `tb_admin` SET `lastlogintime`='1489755201' WHERE ( admin_id=1 ) [ RunTime:0.0798s ]

[ 2017-03-17T20:53:31+08:00 ] 127.0.0.1 /admin.php?c=index
INFO: [ app_init ] --START--
INFO: Run Behavior\BuildLiteBehavior [ RunTime:0.000016s ]
INFO: [ app_init ] --END-- [ RunTime:0.000381s ]
INFO: [ app_begin ] --START--
INFO: Run Behavior\ReadHtmlCacheBehavior [ RunTime:0.000559s ]
INFO: [ app_begin ] --END-- [ RunTime:0.000613s ]
NOTIC: [2048] Declaration of Common\Model\NewsModel::find() should be compatible with Think\Model::find($options = Array) F:\phpStudy\WWW\movie_test\Application\Common\Model\NewsModel.class.php 第 9 行.
SQL: SHOW COLUMNS FROM `tb_news` [ RunTime:0.0634s ]
SQL: SELECT * FROM `tb_news` WHERE `status` = 1 ORDER BY count desc LIMIT 1   [ RunTime:0.0021s ]
SQL: SELECT COUNT(*) AS tp_count FROM `tb_news` WHERE `status` <> -1 LIMIT 1   [ RunTime:0.0721s ]
NOTIC: [2048] Declaration of Common\Model\PositionModel::find() should be compatible with Think\Model::find($options = Array) F:\phpStudy\WWW\movie_test\Application\Common\Model\PositionModel.class.php 第 81 行.
SQL: SHOW COLUMNS FROM `tb_position` [ RunTime:0.0922s ]
SQL: SELECT COUNT(*) AS tp_count FROM `tb_position` WHERE `status` = 1 LIMIT 1   [ RunTime:0.0015s ]
SQL: SHOW COLUMNS FROM `tb_admin` [ RunTime:0.0126s ]
SQL: SELECT COUNT(*) AS tp_count FROM `tb_admin` WHERE `status` = 1 AND `lastlogintime` > 1489680000 LIMIT 1   [ RunTime:0.0012s ]
NOTIC: [2] Illegal string offset 'tp_count' F:\phpStudy\WWW\movie_test\Application\Common\Model\AdminModel.class.php 第 75 行.
INFO: [ view_parse ] --START--
INFO: [ template_filter ] --START--
INFO: Run Behavior\ContentReplaceBehavior [ RunTime:0.000197s ]
INFO: [ template_filter ] --END-- [ RunTime:0.000363s ]
NOTIC: [2048] Declaration of Common\Model\MenuModel::find() should be compatible with Think\Model::find($options = Array) F:\phpStudy\WWW\movie_test\Application\Common\Model\MenuModel.class.php 第 92 行.
SQL: SHOW COLUMNS FROM `tb_menu` [ RunTime:0.0173s ]
SQL: SELECT * FROM `tb_menu` WHERE `status` <> -1 AND `type` = 1 ORDER BY listorder desc,menu_id desc  [ RunTime:0.0009s ]
NOTIC: [8] Undefined index: a F:\phpStudy\WWW\movie_test\Application\Common\Common\function.php 第 33 行.
NOTIC: [8] Undefined index: a F:\phpStudy\WWW\movie_test\Application\Common\Common\function.php 第 33 行.
NOTIC: [8] Undefined index: a F:\phpStudy\WWW\movie_test\Application\Common\Common\function.php 第 33 行.
NOTIC: [8] Undefined index: a F:\phpStudy\WWW\movie_test\Application\Common\Common\function.php 第 33 行.
NOTIC: [8] Undefined index: a F:\phpStudy\WWW\movie_test\Application\Common\Common\function.php 第 33 行.
NOTIC: [8] Undefined index: a F:\phpStudy\WWW\movie_test\Application\Common\Common\function.php 第 33 行.
INFO: Run Behavior\ParseTemplateBehavior [ RunTime:0.198679s ]
INFO: [ view_parse ] --END-- [ RunTime:0.198823s ]
INFO: [ view_filter ] --START--
INFO: Run Behavior\WriteHtmlCacheBehavior [ RunTime:0.001093s ]
INFO: [ view_filter ] --END-- [ RunTime:0.001194s ]
INFO: [ app_end ] --START--
INFO: Run Behavior\ShowPageTraceBehavior [ RunTime:0.001915s ]
INFO: [ app_end ] --END-- [ RunTime:0.002061s ]

